<?xml version="1.0" encoding="UTF-8"?>
<testng-results skipped="1" failed="3" ignored="3" total="10" passed="3">
  <reporter-output>
  </reporter-output>
  <suite name="EBay_Automation_Suite" duration-ms="211750" started-at="2020-07-21T09:17:29Z" finished-at="2020-07-21T09:21:01Z">
    <groups>
      <group name="SmokeTest">
        <method signature="LoginPageTest.assertLoginPageTitle()[pri:0, instance:com.ebay.automation.pagetests.LoginPageTest@2286778]" name="assertLoginPageTitle" class="com.ebay.automation.pagetests.LoginPageTest"/>
        <method signature="LoginPageTest.login()[pri:0, instance:com.ebay.automation.pagetests.LoginPageTest@2286778]" name="login" class="com.ebay.automation.pagetests.LoginPageTest"/>
        <method signature="LoginPageTest.assertLoginPageTitle()[pri:0, instance:com.ebay.automation.pagetests.LoginPageTest@7791a895]" name="assertLoginPageTitle" class="com.ebay.automation.pagetests.LoginPageTest"/>
        <method signature="LoginPageTest.login()[pri:0, instance:com.ebay.automation.pagetests.LoginPageTest@7791a895]" name="login" class="com.ebay.automation.pagetests.LoginPageTest"/>
      </group> <!-- SmokeTest -->
      <group name="RegressionTest">
        <method signature="LoginPageTest.assertLoginPageTitle()[pri:0, instance:com.ebay.automation.pagetests.LoginPageTest@2286778]" name="assertLoginPageTitle" class="com.ebay.automation.pagetests.LoginPageTest"/>
        <method signature="LoginPageTest.login()[pri:0, instance:com.ebay.automation.pagetests.LoginPageTest@2286778]" name="login" class="com.ebay.automation.pagetests.LoginPageTest"/>
        <method signature="HomePageTest.openPurchaseHistory()[pri:0, instance:com.ebay.automation.pagetests.HomePageTest@3a5ed7a6]" name="openPurchaseHistory" class="com.ebay.automation.pagetests.HomePageTest"/>
        <method signature="LoginPageTest.assertLoginPageTitle()[pri:0, instance:com.ebay.automation.pagetests.LoginPageTest@7791a895]" name="assertLoginPageTitle" class="com.ebay.automation.pagetests.LoginPageTest"/>
        <method signature="LoginPageTest.login()[pri:0, instance:com.ebay.automation.pagetests.LoginPageTest@7791a895]" name="login" class="com.ebay.automation.pagetests.LoginPageTest"/>
        <method signature="LoginPageTest.searchForProduct()[pri:0, instance:com.ebay.automation.pagetests.LoginPageTest@7791a895]" name="searchForProduct" class="com.ebay.automation.pagetests.LoginPageTest"/>
        <method signature="LoginPageTest.signUp()[pri:0, instance:com.ebay.automation.pagetests.LoginPageTest@7791a895]" name="signUp" class="com.ebay.automation.pagetests.LoginPageTest"/>
      </group> <!-- RegressionTest -->
    </groups>
    <test name="SmokeTests" duration-ms="129594" started-at="2020-07-21T09:17:29Z" finished-at="2020-07-21T09:19:38Z">
      <class name="com.ebay.automation.pagetests.LoginPageTest">
        <test-method status="PASS" signature="setUp()[pri:0, instance:com.ebay.automation.pagetests.LoginPageTest@2286778]" name="setUp" is-config="true" duration-ms="844" started-at="2020-07-21T14:47:29Z" finished-at="2020-07-21T14:47:30Z">
          <reporter-output>
          </reporter-output>
        </test-method> <!-- setUp -->
        <test-method status="PASS" signature="initialSetup(org.testng.ITestContext, java.lang.String, java.lang.String)[pri:0, instance:com.ebay.automation.pagetests.LoginPageTest@2286778]" name="initialSetup" is-config="true" duration-ms="50832" started-at="2020-07-21T14:47:30Z" finished-at="2020-07-21T14:48:21Z">
          <params>
            <param index="0">
              <value>
                <![CDATA[org.testng.TestRunner@4bbfb90a]]>
              </value>
            </param>
            <param index="1">
              <value>
                <![CDATA[firefox]]>
              </value>
            </param>
            <param index="2">
              <value>
                <![CDATA[windows]]>
              </value>
            </param>
          </params>
          <reporter-output>
          </reporter-output>
        </test-method> <!-- initialSetup -->
        <test-method status="PASS" signature="beforeMeth()[pri:0, instance:com.ebay.automation.pagetests.LoginPageTest@2286778]" name="beforeMeth" is-config="true" duration-ms="3750" started-at="2020-07-21T14:48:21Z" finished-at="2020-07-21T14:48:24Z">
          <reporter-output>
          </reporter-output>
        </test-method> <!-- beforeMeth -->
        <test-method status="PASS" signature="assertLoginPageTitle()[pri:0, instance:com.ebay.automation.pagetests.LoginPageTest@2286778]" name="assertLoginPageTitle" duration-ms="1856" started-at="2020-07-21T14:48:24Z" finished-at="2020-07-21T14:48:26Z">
          <reporter-output>
          </reporter-output>
        </test-method> <!-- assertLoginPageTitle -->
        <test-method status="PASS" signature="afterClass()[pri:0, instance:com.ebay.automation.pagetests.LoginPageTest@2286778]" name="afterClass" is-config="true" duration-ms="19689" started-at="2020-07-21T14:48:26Z" finished-at="2020-07-21T14:48:46Z">
          <reporter-output>
          </reporter-output>
        </test-method> <!-- afterClass -->
        <test-method status="PASS" signature="initialSetup(org.testng.ITestContext, java.lang.String, java.lang.String)[pri:0, instance:com.ebay.automation.pagetests.LoginPageTest@2286778]" name="initialSetup" is-config="true" duration-ms="12514" started-at="2020-07-21T14:48:46Z" finished-at="2020-07-21T14:48:58Z">
          <params>
            <param index="0">
              <value>
                <![CDATA[org.testng.TestRunner@4bbfb90a]]>
              </value>
            </param>
            <param index="1">
              <value>
                <![CDATA[firefox]]>
              </value>
            </param>
            <param index="2">
              <value>
                <![CDATA[windows]]>
              </value>
            </param>
          </params>
          <reporter-output>
          </reporter-output>
        </test-method> <!-- initialSetup -->
        <test-method status="PASS" signature="beforeMeth()[pri:0, instance:com.ebay.automation.pagetests.LoginPageTest@2286778]" name="beforeMeth" is-config="true" duration-ms="8260" started-at="2020-07-21T14:48:58Z" finished-at="2020-07-21T14:49:07Z">
          <reporter-output>
          </reporter-output>
        </test-method> <!-- beforeMeth -->
        <test-method status="FAIL" signature="login()[pri:0, instance:com.ebay.automation.pagetests.LoginPageTest@2286778]" name="login" duration-ms="12386" started-at="2020-07-21T14:49:07Z" finished-at="2020-07-21T14:49:19Z">
          <exception class="java.lang.Exception">
            <message>
              <![CDATA[Exception from LoginPageTest.login: Exception occured in LoginPage.login: cause -> null, message -> Unable to locate element: #userid
For documentation on this error, please visit: https://www.seleniumhq.org/exceptions/no_such_element.html
Build info: version: '3.141.59', revision: 'e82be7d358', time: '2018-11-14T08:17:03'
System info: host: 'LAPTOP-JOPOHLMU', ip: '192.168.0.165', os.name: 'Windows 10', os.arch: 'amd64', os.version: '10.0', java.version: '1.8.0_221'
Driver info: org.openqa.selenium.remote.RemoteWebDriver
Capabilities {acceptInsecureCerts: true, browserName: firefox, browserVersion: 78.0.2, javascriptEnabled: true, moz:accessibilityChecks: false, moz:buildID: 20200708170202, moz:geckodriverVersion: 0.24.0, moz:headless: false, moz:processID: 1328, moz:profile: C:\Users\aparn\AppData\Loca..., moz:shutdownTimeout: 60000, moz:useNonSpecCompliantPointerOrigin: false, moz:webdriverClick: true, pageLoadStrategy: normal, platform: WINDOWS, platformName: WINDOWS, platformVersion: 10.0, rotatable: false, setWindowRect: true, strictFileInteractability: false, timeouts: {implicit: 0, pageLoad: 300000, script: 30000}, unhandledPromptBehavior: dismiss and notify, webdriver.remote.sessionid: de5f8666-8938-4a2c-a2b2-136...}
Session ID: de5f8666-8938-4a2c-a2b2-136b04883ebd
*** Element info: {Using=id, value=userid}]]>
            </message>
            <full-stacktrace>
              <![CDATA[java.lang.Exception: Exception from LoginPageTest.login: Exception occured in LoginPage.login: cause -> null, message -> Unable to locate element: #userid
For documentation on this error, please visit: https://www.seleniumhq.org/exceptions/no_such_element.html
Build info: version: '3.141.59', revision: 'e82be7d358', time: '2018-11-14T08:17:03'
System info: host: 'LAPTOP-JOPOHLMU', ip: '192.168.0.165', os.name: 'Windows 10', os.arch: 'amd64', os.version: '10.0', java.version: '1.8.0_221'
Driver info: org.openqa.selenium.remote.RemoteWebDriver
Capabilities {acceptInsecureCerts: true, browserName: firefox, browserVersion: 78.0.2, javascriptEnabled: true, moz:accessibilityChecks: false, moz:buildID: 20200708170202, moz:geckodriverVersion: 0.24.0, moz:headless: false, moz:processID: 1328, moz:profile: C:\Users\aparn\AppData\Loca..., moz:shutdownTimeout: 60000, moz:useNonSpecCompliantPointerOrigin: false, moz:webdriverClick: true, pageLoadStrategy: normal, platform: WINDOWS, platformName: WINDOWS, platformVersion: 10.0, rotatable: false, setWindowRect: true, strictFileInteractability: false, timeouts: {implicit: 0, pageLoad: 300000, script: 30000}, unhandledPromptBehavior: dismiss and notify, webdriver.remote.sessionid: de5f8666-8938-4a2c-a2b2-136...}
Session ID: de5f8666-8938-4a2c-a2b2-136b04883ebd
*** Element info: {Using=id, value=userid}
	at com.ebay.automation.pagetests.LoginPageTest.login(LoginPageTest.java:98)
	at sun.reflect.NativeMethodAccessorImpl.invoke0(Native Method)
	at sun.reflect.NativeMethodAccessorImpl.invoke(NativeMethodAccessorImpl.java:62)
	at sun.reflect.DelegatingMethodAccessorImpl.invoke(DelegatingMethodAccessorImpl.java:43)
	at java.lang.reflect.Method.invoke(Method.java:498)
	at org.testng.internal.MethodInvocationHelper.invokeMethod(MethodInvocationHelper.java:104)
	at org.testng.internal.Invoker.invokeMethod(Invoker.java:645)
	at org.testng.internal.Invoker.invokeTestMethod(Invoker.java:851)
	at org.testng.internal.Invoker.invokeTestMethods(Invoker.java:1177)
	at org.testng.internal.TestMethodWorker.invokeTestMethods(TestMethodWorker.java:129)
	at org.testng.internal.TestMethodWorker.run(TestMethodWorker.java:112)
	at org.testng.TestRunner.privateRun(TestRunner.java:756)
	at org.testng.TestRunner.run(TestRunner.java:610)
	at org.testng.SuiteRunner.runTest(SuiteRunner.java:387)
	at org.testng.SuiteRunner.access$000(SuiteRunner.java:39)
	at org.testng.SuiteRunner$SuiteWorker.run(SuiteRunner.java:421)
	at org.testng.internal.thread.ThreadUtil$2.call(ThreadUtil.java:64)
	at java.util.concurrent.FutureTask.run(FutureTask.java:266)
	at java.util.concurrent.ThreadPoolExecutor.runWorker(ThreadPoolExecutor.java:1149)
	at java.util.concurrent.ThreadPoolExecutor$Worker.run(ThreadPoolExecutor.java:624)
	at java.lang.Thread.run(Thread.java:748)
]]>
            </full-stacktrace>
          </exception> <!-- java.lang.Exception -->
          <reporter-output>
          </reporter-output>
        </test-method> <!-- login -->
        <test-method status="PASS" signature="afterClass()[pri:0, instance:com.ebay.automation.pagetests.LoginPageTest@2286778]" name="afterClass" is-config="true" duration-ms="17078" started-at="2020-07-21T14:49:21Z" finished-at="2020-07-21T14:49:38Z">
          <reporter-output>
          </reporter-output>
        </test-method> <!-- afterClass -->
      </class> <!-- com.ebay.automation.pagetests.LoginPageTest -->
    </test> <!-- SmokeTests -->
    <test name="RegressionTests" duration-ms="211750" started-at="2020-07-21T09:17:29Z" finished-at="2020-07-21T09:21:01Z">
      <class name="com.ebay.automation.pagetests.LoginPageTest">
        <test-method status="PASS" signature="setUp()[pri:0, instance:com.ebay.automation.pagetests.LoginPageTest@7791a895]" name="setUp" is-config="true" duration-ms="844" started-at="2020-07-21T14:47:29Z" finished-at="2020-07-21T14:47:30Z">
          <reporter-output>
          </reporter-output>
        </test-method> <!-- setUp -->
        <test-method status="PASS" signature="initialSetup(org.testng.ITestContext, java.lang.String, java.lang.String)[pri:0, instance:com.ebay.automation.pagetests.LoginPageTest@7791a895]" name="initialSetup" is-config="true" duration-ms="50832" started-at="2020-07-21T14:47:30Z" finished-at="2020-07-21T14:48:21Z">
          <params>
            <param index="0">
              <value>
                <![CDATA[org.testng.TestRunner@5e853265]]>
              </value>
            </param>
            <param index="1">
              <value>
                <![CDATA[firefox]]>
              </value>
            </param>
            <param index="2">
              <value>
                <![CDATA[windows]]>
              </value>
            </param>
          </params>
          <reporter-output>
          </reporter-output>
        </test-method> <!-- initialSetup -->
        <test-method status="PASS" signature="beforeMeth()[pri:0, instance:com.ebay.automation.pagetests.LoginPageTest@7791a895]" name="beforeMeth" is-config="true" duration-ms="3751" started-at="2020-07-21T14:48:21Z" finished-at="2020-07-21T14:48:24Z">
          <reporter-output>
          </reporter-output>
        </test-method> <!-- beforeMeth -->
        <test-method status="PASS" signature="assertLoginPageTitle()[pri:0, instance:com.ebay.automation.pagetests.LoginPageTest@7791a895]" name="assertLoginPageTitle" duration-ms="1855" started-at="2020-07-21T14:48:24Z" finished-at="2020-07-21T14:48:26Z">
          <reporter-output>
          </reporter-output>
        </test-method> <!-- assertLoginPageTitle -->
        <test-method status="PASS" signature="afterClass()[pri:0, instance:com.ebay.automation.pagetests.LoginPageTest@7791a895]" name="afterClass" is-config="true" duration-ms="19688" started-at="2020-07-21T14:48:26Z" finished-at="2020-07-21T14:48:46Z">
          <reporter-output>
          </reporter-output>
        </test-method> <!-- afterClass -->
        <test-method status="PASS" signature="initialSetup(org.testng.ITestContext, java.lang.String, java.lang.String)[pri:0, instance:com.ebay.automation.pagetests.LoginPageTest@7791a895]" name="initialSetup" is-config="true" duration-ms="12351" started-at="2020-07-21T14:48:46Z" finished-at="2020-07-21T14:48:58Z">
          <params>
            <param index="0">
              <value>
                <![CDATA[org.testng.TestRunner@5e853265]]>
              </value>
            </param>
            <param index="1">
              <value>
                <![CDATA[firefox]]>
              </value>
            </param>
            <param index="2">
              <value>
                <![CDATA[windows]]>
              </value>
            </param>
          </params>
          <reporter-output>
          </reporter-output>
        </test-method> <!-- initialSetup -->
        <test-method status="PASS" signature="beforeMeth()[pri:0, instance:com.ebay.automation.pagetests.LoginPageTest@7791a895]" name="beforeMeth" is-config="true" duration-ms="7887" started-at="2020-07-21T14:48:58Z" finished-at="2020-07-21T14:49:06Z">
          <reporter-output>
          </reporter-output>
        </test-method> <!-- beforeMeth -->
        <test-method status="FAIL" signature="login()[pri:0, instance:com.ebay.automation.pagetests.LoginPageTest@7791a895]" name="login" duration-ms="12905" started-at="2020-07-21T14:49:06Z" finished-at="2020-07-21T14:49:19Z">
          <exception class="java.lang.Exception">
            <message>
              <![CDATA[Exception from LoginPageTest.login: Exception occured in LoginPage.login: cause -> null, message -> Unable to locate element: #userid
For documentation on this error, please visit: https://www.seleniumhq.org/exceptions/no_such_element.html
Build info: version: '3.141.59', revision: 'e82be7d358', time: '2018-11-14T08:17:03'
System info: host: 'LAPTOP-JOPOHLMU', ip: '192.168.0.165', os.name: 'Windows 10', os.arch: 'amd64', os.version: '10.0', java.version: '1.8.0_221'
Driver info: org.openqa.selenium.remote.RemoteWebDriver
Capabilities {acceptInsecureCerts: true, browserName: firefox, browserVersion: 78.0.2, javascriptEnabled: true, moz:accessibilityChecks: false, moz:buildID: 20200708170202, moz:geckodriverVersion: 0.24.0, moz:headless: false, moz:processID: 3288, moz:profile: C:\Users\aparn\AppData\Loca..., moz:shutdownTimeout: 60000, moz:useNonSpecCompliantPointerOrigin: false, moz:webdriverClick: true, pageLoadStrategy: normal, platform: WINDOWS, platformName: WINDOWS, platformVersion: 10.0, rotatable: false, setWindowRect: true, strictFileInteractability: false, timeouts: {implicit: 0, pageLoad: 300000, script: 30000}, unhandledPromptBehavior: dismiss and notify, webdriver.remote.sessionid: 19d44fcb-647d-4b06-8a06-7b1...}
Session ID: 19d44fcb-647d-4b06-8a06-7b1d5ecf05ab
*** Element info: {Using=id, value=userid}]]>
            </message>
            <full-stacktrace>
              <![CDATA[java.lang.Exception: Exception from LoginPageTest.login: Exception occured in LoginPage.login: cause -> null, message -> Unable to locate element: #userid
For documentation on this error, please visit: https://www.seleniumhq.org/exceptions/no_such_element.html
Build info: version: '3.141.59', revision: 'e82be7d358', time: '2018-11-14T08:17:03'
System info: host: 'LAPTOP-JOPOHLMU', ip: '192.168.0.165', os.name: 'Windows 10', os.arch: 'amd64', os.version: '10.0', java.version: '1.8.0_221'
Driver info: org.openqa.selenium.remote.RemoteWebDriver
Capabilities {acceptInsecureCerts: true, browserName: firefox, browserVersion: 78.0.2, javascriptEnabled: true, moz:accessibilityChecks: false, moz:buildID: 20200708170202, moz:geckodriverVersion: 0.24.0, moz:headless: false, moz:processID: 3288, moz:profile: C:\Users\aparn\AppData\Loca..., moz:shutdownTimeout: 60000, moz:useNonSpecCompliantPointerOrigin: false, moz:webdriverClick: true, pageLoadStrategy: normal, platform: WINDOWS, platformName: WINDOWS, platformVersion: 10.0, rotatable: false, setWindowRect: true, strictFileInteractability: false, timeouts: {implicit: 0, pageLoad: 300000, script: 30000}, unhandledPromptBehavior: dismiss and notify, webdriver.remote.sessionid: 19d44fcb-647d-4b06-8a06-7b1...}
Session ID: 19d44fcb-647d-4b06-8a06-7b1d5ecf05ab
*** Element info: {Using=id, value=userid}
	at com.ebay.automation.pagetests.LoginPageTest.login(LoginPageTest.java:98)
	at sun.reflect.NativeMethodAccessorImpl.invoke0(Native Method)
	at sun.reflect.NativeMethodAccessorImpl.invoke(NativeMethodAccessorImpl.java:62)
	at sun.reflect.DelegatingMethodAccessorImpl.invoke(DelegatingMethodAccessorImpl.java:43)
	at java.lang.reflect.Method.invoke(Method.java:498)
	at org.testng.internal.MethodInvocationHelper.invokeMethod(MethodInvocationHelper.java:104)
	at org.testng.internal.Invoker.invokeMethod(Invoker.java:645)
	at org.testng.internal.Invoker.invokeTestMethod(Invoker.java:851)
	at org.testng.internal.Invoker.invokeTestMethods(Invoker.java:1177)
	at org.testng.internal.TestMethodWorker.invokeTestMethods(TestMethodWorker.java:129)
	at org.testng.internal.TestMethodWorker.run(TestMethodWorker.java:112)
	at org.testng.TestRunner.privateRun(TestRunner.java:756)
	at org.testng.TestRunner.run(TestRunner.java:610)
	at org.testng.SuiteRunner.runTest(SuiteRunner.java:387)
	at org.testng.SuiteRunner.access$000(SuiteRunner.java:39)
	at org.testng.SuiteRunner$SuiteWorker.run(SuiteRunner.java:421)
	at org.testng.internal.thread.ThreadUtil$2.call(ThreadUtil.java:64)
	at java.util.concurrent.FutureTask.run(FutureTask.java:266)
	at java.util.concurrent.ThreadPoolExecutor.runWorker(ThreadPoolExecutor.java:1149)
	at java.util.concurrent.ThreadPoolExecutor$Worker.run(ThreadPoolExecutor.java:624)
	at java.lang.Thread.run(Thread.java:748)
]]>
            </full-stacktrace>
          </exception> <!-- java.lang.Exception -->
          <reporter-output>
          </reporter-output>
        </test-method> <!-- login -->
        <test-method status="PASS" signature="afterClass()[pri:0, instance:com.ebay.automation.pagetests.LoginPageTest@7791a895]" name="afterClass" is-config="true" duration-ms="17234" started-at="2020-07-21T14:49:21Z" finished-at="2020-07-21T14:49:39Z">
          <reporter-output>
          </reporter-output>
        </test-method> <!-- afterClass -->
        <test-method status="PASS" signature="initialSetup(org.testng.ITestContext, java.lang.String, java.lang.String)[pri:0, instance:com.ebay.automation.pagetests.LoginPageTest@7791a895]" name="initialSetup" is-config="true" duration-ms="11973" started-at="2020-07-21T14:49:39Z" finished-at="2020-07-21T14:49:51Z">
          <params>
            <param index="0">
              <value>
                <![CDATA[org.testng.TestRunner@5e853265]]>
              </value>
            </param>
            <param index="1">
              <value>
                <![CDATA[firefox]]>
              </value>
            </param>
            <param index="2">
              <value>
                <![CDATA[windows]]>
              </value>
            </param>
          </params>
          <reporter-output>
          </reporter-output>
        </test-method> <!-- initialSetup -->
        <test-method status="PASS" signature="beforeMeth()[pri:0, instance:com.ebay.automation.pagetests.LoginPageTest@7791a895]" name="beforeMeth" is-config="true" duration-ms="4545" started-at="2020-07-21T14:49:51Z" finished-at="2020-07-21T14:49:55Z">
          <reporter-output>
          </reporter-output>
        </test-method> <!-- beforeMeth -->
        <test-method status="FAIL" signature="searchForProduct()[pri:0, instance:com.ebay.automation.pagetests.LoginPageTest@7791a895]" name="searchForProduct" duration-ms="4191" started-at="2020-07-21T14:49:55Z" finished-at="2020-07-21T14:49:59Z">
          <exception class="java.lang.AssertionError">
            <message>
              <![CDATA[Search results count not as expected expected [true] but found [false]]]>
            </message>
            <full-stacktrace>
              <![CDATA[java.lang.AssertionError: Search results count not as expected expected [true] but found [false]
	at org.testng.Assert.fail(Assert.java:94)
	at org.testng.Assert.failNotEquals(Assert.java:513)
	at org.testng.Assert.assertTrue(Assert.java:42)
	at com.ebay.automation.pagetests.LoginPageTest.searchForProduct(LoginPageTest.java:64)
	at sun.reflect.NativeMethodAccessorImpl.invoke0(Native Method)
	at sun.reflect.NativeMethodAccessorImpl.invoke(NativeMethodAccessorImpl.java:62)
	at sun.reflect.DelegatingMethodAccessorImpl.invoke(DelegatingMethodAccessorImpl.java:43)
	at java.lang.reflect.Method.invoke(Method.java:498)
	at org.testng.internal.MethodInvocationHelper.invokeMethod(MethodInvocationHelper.java:104)
	at org.testng.internal.Invoker.invokeMethod(Invoker.java:645)
	at org.testng.internal.Invoker.invokeTestMethod(Invoker.java:851)
	at org.testng.internal.Invoker.invokeTestMethods(Invoker.java:1177)
	at org.testng.internal.TestMethodWorker.invokeTestMethods(TestMethodWorker.java:129)
	at org.testng.internal.TestMethodWorker.run(TestMethodWorker.java:112)
	at org.testng.TestRunner.privateRun(TestRunner.java:756)
	at org.testng.TestRunner.run(TestRunner.java:610)
	at org.testng.SuiteRunner.runTest(SuiteRunner.java:387)
	at org.testng.SuiteRunner.access$000(SuiteRunner.java:39)
	at org.testng.SuiteRunner$SuiteWorker.run(SuiteRunner.java:421)
	at org.testng.internal.thread.ThreadUtil$2.call(ThreadUtil.java:64)
	at java.util.concurrent.FutureTask.run(FutureTask.java:266)
	at java.util.concurrent.ThreadPoolExecutor.runWorker(ThreadPoolExecutor.java:1149)
	at java.util.concurrent.ThreadPoolExecutor$Worker.run(ThreadPoolExecutor.java:624)
	at java.lang.Thread.run(Thread.java:748)
]]>
            </full-stacktrace>
          </exception> <!-- java.lang.AssertionError -->
          <reporter-output>
          </reporter-output>
        </test-method> <!-- searchForProduct -->
        <test-method status="PASS" signature="afterClass()[pri:0, instance:com.ebay.automation.pagetests.LoginPageTest@7791a895]" name="afterClass" is-config="true" duration-ms="8257" started-at="2020-07-21T14:50:00Z" finished-at="2020-07-21T14:50:08Z">
          <reporter-output>
          </reporter-output>
        </test-method> <!-- afterClass -->
        <test-method status="PASS" signature="initialSetup(org.testng.ITestContext, java.lang.String, java.lang.String)[pri:0, instance:com.ebay.automation.pagetests.LoginPageTest@7791a895]" name="initialSetup" is-config="true" duration-ms="5213" started-at="2020-07-21T14:50:08Z" finished-at="2020-07-21T14:50:13Z">
          <params>
            <param index="0">
              <value>
                <![CDATA[org.testng.TestRunner@5e853265]]>
              </value>
            </param>
            <param index="1">
              <value>
                <![CDATA[firefox]]>
              </value>
            </param>
            <param index="2">
              <value>
                <![CDATA[windows]]>
              </value>
            </param>
          </params>
          <reporter-output>
          </reporter-output>
        </test-method> <!-- initialSetup -->
        <test-method status="PASS" signature="beforeMeth()[pri:0, instance:com.ebay.automation.pagetests.LoginPageTest@7791a895]" name="beforeMeth" is-config="true" duration-ms="4182" started-at="2020-07-21T14:50:13Z" finished-at="2020-07-21T14:50:18Z">
          <reporter-output>
          </reporter-output>
        </test-method> <!-- beforeMeth -->
        <test-method status="PASS" signature="signUp()[pri:0, instance:com.ebay.automation.pagetests.LoginPageTest@7791a895]" name="signUp" duration-ms="14521" started-at="2020-07-21T14:50:18Z" finished-at="2020-07-21T14:50:32Z">
          <reporter-output>
          </reporter-output>
        </test-method> <!-- signUp -->
        <test-method status="PASS" signature="afterClass()[pri:0, instance:com.ebay.automation.pagetests.LoginPageTest@7791a895]" name="afterClass" is-config="true" duration-ms="7346" started-at="2020-07-21T14:50:32Z" finished-at="2020-07-21T14:50:40Z">
          <reporter-output>
          </reporter-output>
        </test-method> <!-- afterClass -->
      </class> <!-- com.ebay.automation.pagetests.LoginPageTest -->
      <class name="com.ebay.automation.pagetests.HomePageTest">
        <test-method status="PASS" signature="setUp()[pri:0, instance:com.ebay.automation.pagetests.HomePageTest@3a5ed7a6]" name="setUp" is-config="true" duration-ms="63" started-at="2020-07-21T14:50:40Z" finished-at="2020-07-21T14:50:40Z">
          <reporter-output>
          </reporter-output>
        </test-method> <!-- setUp -->
        <test-method status="PASS" signature="initialSetup(org.testng.ITestContext, java.lang.String, java.lang.String)[pri:0, instance:com.ebay.automation.pagetests.HomePageTest@3a5ed7a6]" name="initialSetup" is-config="true" duration-ms="5071" started-at="2020-07-21T14:50:40Z" finished-at="2020-07-21T14:50:45Z">
          <params>
            <param index="0">
              <value>
                <![CDATA[org.testng.TestRunner@5e853265]]>
              </value>
            </param>
            <param index="1">
              <value>
                <![CDATA[firefox]]>
              </value>
            </param>
            <param index="2">
              <value>
                <![CDATA[windows]]>
              </value>
            </param>
          </params>
          <reporter-output>
          </reporter-output>
        </test-method> <!-- initialSetup -->
        <test-method status="FAIL" signature="beforeMeth()[pri:0, instance:com.ebay.automation.pagetests.HomePageTest@3a5ed7a6]" name="beforeMeth" is-config="true" duration-ms="0" started-at="2020-07-21T14:50:45Z" finished-at="2020-07-21T14:50:45Z">
          <exception class="java.lang.Exception">
            <message>
              <![CDATA[Exception occured in LoginPage.login: cause -> null, message -> Unable to locate element: #userid
For documentation on this error, please visit: https://www.seleniumhq.org/exceptions/no_such_element.html
Build info: version: '3.141.59', revision: 'e82be7d358', time: '2018-11-14T08:17:03'
System info: host: 'LAPTOP-JOPOHLMU', ip: '192.168.0.165', os.name: 'Windows 10', os.arch: 'amd64', os.version: '10.0', java.version: '1.8.0_221'
Driver info: org.openqa.selenium.remote.RemoteWebDriver
Capabilities {acceptInsecureCerts: true, browserName: firefox, browserVersion: 78.0.2, javascriptEnabled: true, moz:accessibilityChecks: false, moz:buildID: 20200708170202, moz:geckodriverVersion: 0.24.0, moz:headless: false, moz:processID: 12688, moz:profile: C:\Users\aparn\AppData\Loca..., moz:shutdownTimeout: 60000, moz:useNonSpecCompliantPointerOrigin: false, moz:webdriverClick: true, pageLoadStrategy: normal, platform: WINDOWS, platformName: WINDOWS, platformVersion: 10.0, rotatable: false, setWindowRect: true, strictFileInteractability: false, timeouts: {implicit: 0, pageLoad: 300000, script: 30000}, unhandledPromptBehavior: dismiss and notify, webdriver.remote.sessionid: 51a2fbda-0c69-495c-b9c2-10a...}
Session ID: 51a2fbda-0c69-495c-b9c2-10a44476c946
*** Element info: {Using=id, value=userid}]]>
            </message>
            <full-stacktrace>
              <![CDATA[java.lang.Exception: Exception occured in LoginPage.login: cause -> null, message -> Unable to locate element: #userid
For documentation on this error, please visit: https://www.seleniumhq.org/exceptions/no_such_element.html
Build info: version: '3.141.59', revision: 'e82be7d358', time: '2018-11-14T08:17:03'
System info: host: 'LAPTOP-JOPOHLMU', ip: '192.168.0.165', os.name: 'Windows 10', os.arch: 'amd64', os.version: '10.0', java.version: '1.8.0_221'
Driver info: org.openqa.selenium.remote.RemoteWebDriver
Capabilities {acceptInsecureCerts: true, browserName: firefox, browserVersion: 78.0.2, javascriptEnabled: true, moz:accessibilityChecks: false, moz:buildID: 20200708170202, moz:geckodriverVersion: 0.24.0, moz:headless: false, moz:processID: 12688, moz:profile: C:\Users\aparn\AppData\Loca..., moz:shutdownTimeout: 60000, moz:useNonSpecCompliantPointerOrigin: false, moz:webdriverClick: true, pageLoadStrategy: normal, platform: WINDOWS, platformName: WINDOWS, platformVersion: 10.0, rotatable: false, setWindowRect: true, strictFileInteractability: false, timeouts: {implicit: 0, pageLoad: 300000, script: 30000}, unhandledPromptBehavior: dismiss and notify, webdriver.remote.sessionid: 51a2fbda-0c69-495c-b9c2-10a...}
Session ID: 51a2fbda-0c69-495c-b9c2-10a44476c946
*** Element info: {Using=id, value=userid}
	at com.ebay.automation.pages.LoginPage.login(LoginPage.java:89)
	at com.ebay.automation.pagetests.HomePageTest.beforeMeth(HomePageTest.java:43)
	at sun.reflect.NativeMethodAccessorImpl.invoke0(Native Method)
	at sun.reflect.NativeMethodAccessorImpl.invoke(NativeMethodAccessorImpl.java:62)
	at sun.reflect.DelegatingMethodAccessorImpl.invoke(DelegatingMethodAccessorImpl.java:43)
	at java.lang.reflect.Method.invoke(Method.java:498)
	at org.testng.internal.MethodInvocationHelper.invokeMethod(MethodInvocationHelper.java:104)
	at org.testng.internal.Invoker.invokeConfigurationMethod(Invoker.java:515)
	at org.testng.internal.Invoker.invokeConfigurations(Invoker.java:217)
	at org.testng.internal.Invoker.invokeMethod(Invoker.java:590)
	at org.testng.internal.Invoker.invokeTestMethod(Invoker.java:851)
	at org.testng.internal.Invoker.invokeTestMethods(Invoker.java:1177)
	at org.testng.internal.TestMethodWorker.invokeTestMethods(TestMethodWorker.java:129)
	at org.testng.internal.TestMethodWorker.run(TestMethodWorker.java:112)
	at org.testng.TestRunner.privateRun(TestRunner.java:756)
	at org.testng.TestRunner.run(TestRunner.java:610)
	at org.testng.SuiteRunner.runTest(SuiteRunner.java:387)
	at org.testng.SuiteRunner.access$000(SuiteRunner.java:39)
	at org.testng.SuiteRunner$SuiteWorker.run(SuiteRunner.java:421)
	at org.testng.internal.thread.ThreadUtil$2.call(ThreadUtil.java:64)
	at java.util.concurrent.FutureTask.run(FutureTask.java:266)
	at java.util.concurrent.ThreadPoolExecutor.runWorker(ThreadPoolExecutor.java:1149)
	at java.util.concurrent.ThreadPoolExecutor$Worker.run(ThreadPoolExecutor.java:624)
	at java.lang.Thread.run(Thread.java:748)
]]>
            </full-stacktrace>
          </exception> <!-- java.lang.Exception -->
          <reporter-output>
          </reporter-output>
        </test-method> <!-- beforeMeth -->
        <test-method status="SKIP" signature="openPurchaseHistory()[pri:0, instance:com.ebay.automation.pagetests.HomePageTest@3a5ed7a6]" name="openPurchaseHistory" duration-ms="47" started-at="2020-07-21T14:50:51Z" finished-at="2020-07-21T14:50:51Z">
          <exception class="java.lang.Exception">
            <message>
              <![CDATA[Exception occured in LoginPage.login: cause -> null, message -> Unable to locate element: #userid
For documentation on this error, please visit: https://www.seleniumhq.org/exceptions/no_such_element.html
Build info: version: '3.141.59', revision: 'e82be7d358', time: '2018-11-14T08:17:03'
System info: host: 'LAPTOP-JOPOHLMU', ip: '192.168.0.165', os.name: 'Windows 10', os.arch: 'amd64', os.version: '10.0', java.version: '1.8.0_221'
Driver info: org.openqa.selenium.remote.RemoteWebDriver
Capabilities {acceptInsecureCerts: true, browserName: firefox, browserVersion: 78.0.2, javascriptEnabled: true, moz:accessibilityChecks: false, moz:buildID: 20200708170202, moz:geckodriverVersion: 0.24.0, moz:headless: false, moz:processID: 12688, moz:profile: C:\Users\aparn\AppData\Loca..., moz:shutdownTimeout: 60000, moz:useNonSpecCompliantPointerOrigin: false, moz:webdriverClick: true, pageLoadStrategy: normal, platform: WINDOWS, platformName: WINDOWS, platformVersion: 10.0, rotatable: false, setWindowRect: true, strictFileInteractability: false, timeouts: {implicit: 0, pageLoad: 300000, script: 30000}, unhandledPromptBehavior: dismiss and notify, webdriver.remote.sessionid: 51a2fbda-0c69-495c-b9c2-10a...}
Session ID: 51a2fbda-0c69-495c-b9c2-10a44476c946
*** Element info: {Using=id, value=userid}]]>
            </message>
            <full-stacktrace>
              <![CDATA[java.lang.Exception: Exception occured in LoginPage.login: cause -> null, message -> Unable to locate element: #userid
For documentation on this error, please visit: https://www.seleniumhq.org/exceptions/no_such_element.html
Build info: version: '3.141.59', revision: 'e82be7d358', time: '2018-11-14T08:17:03'
System info: host: 'LAPTOP-JOPOHLMU', ip: '192.168.0.165', os.name: 'Windows 10', os.arch: 'amd64', os.version: '10.0', java.version: '1.8.0_221'
Driver info: org.openqa.selenium.remote.RemoteWebDriver
Capabilities {acceptInsecureCerts: true, browserName: firefox, browserVersion: 78.0.2, javascriptEnabled: true, moz:accessibilityChecks: false, moz:buildID: 20200708170202, moz:geckodriverVersion: 0.24.0, moz:headless: false, moz:processID: 12688, moz:profile: C:\Users\aparn\AppData\Loca..., moz:shutdownTimeout: 60000, moz:useNonSpecCompliantPointerOrigin: false, moz:webdriverClick: true, pageLoadStrategy: normal, platform: WINDOWS, platformName: WINDOWS, platformVersion: 10.0, rotatable: false, setWindowRect: true, strictFileInteractability: false, timeouts: {implicit: 0, pageLoad: 300000, script: 30000}, unhandledPromptBehavior: dismiss and notify, webdriver.remote.sessionid: 51a2fbda-0c69-495c-b9c2-10a...}
Session ID: 51a2fbda-0c69-495c-b9c2-10a44476c946
*** Element info: {Using=id, value=userid}
	at com.ebay.automation.pages.LoginPage.login(LoginPage.java:89)
	at com.ebay.automation.pagetests.HomePageTest.beforeMeth(HomePageTest.java:43)
	at sun.reflect.NativeMethodAccessorImpl.invoke0(Native Method)
	at sun.reflect.NativeMethodAccessorImpl.invoke(NativeMethodAccessorImpl.java:62)
	at sun.reflect.DelegatingMethodAccessorImpl.invoke(DelegatingMethodAccessorImpl.java:43)
	at java.lang.reflect.Method.invoke(Method.java:498)
	at org.testng.internal.MethodInvocationHelper.invokeMethod(MethodInvocationHelper.java:104)
	at org.testng.internal.Invoker.invokeConfigurationMethod(Invoker.java:515)
	at org.testng.internal.Invoker.invokeConfigurations(Invoker.java:217)
	at org.testng.internal.Invoker.invokeMethod(Invoker.java:590)
	at org.testng.internal.Invoker.invokeTestMethod(Invoker.java:851)
	at org.testng.internal.Invoker.invokeTestMethods(Invoker.java:1177)
	at org.testng.internal.TestMethodWorker.invokeTestMethods(TestMethodWorker.java:129)
	at org.testng.internal.TestMethodWorker.run(TestMethodWorker.java:112)
	at org.testng.TestRunner.privateRun(TestRunner.java:756)
	at org.testng.TestRunner.run(TestRunner.java:610)
	at org.testng.SuiteRunner.runTest(SuiteRunner.java:387)
	at org.testng.SuiteRunner.access$000(SuiteRunner.java:39)
	at org.testng.SuiteRunner$SuiteWorker.run(SuiteRunner.java:421)
	at org.testng.internal.thread.ThreadUtil$2.call(ThreadUtil.java:64)
	at java.util.concurrent.FutureTask.run(FutureTask.java:266)
	at java.util.concurrent.ThreadPoolExecutor.runWorker(ThreadPoolExecutor.java:1149)
	at java.util.concurrent.ThreadPoolExecutor$Worker.run(ThreadPoolExecutor.java:624)
	at java.lang.Thread.run(Thread.java:748)
]]>
            </full-stacktrace>
          </exception> <!-- java.lang.Exception -->
          <reporter-output>
          </reporter-output>
        </test-method> <!-- openPurchaseHistory -->
        <test-method status="PASS" signature="afterClass()[pri:0, instance:com.ebay.automation.pagetests.HomePageTest@3a5ed7a6]" name="afterClass" is-config="true" duration-ms="9701" started-at="2020-07-21T14:50:51Z" finished-at="2020-07-21T14:51:01Z">
          <reporter-output>
          </reporter-output>
        </test-method> <!-- afterClass -->
      </class> <!-- com.ebay.automation.pagetests.HomePageTest -->
    </test> <!-- RegressionTests -->
  </suite> <!-- EBay_Automation_Suite -->
</testng-results>
