<?xml version="1.0" encoding="UTF-8"?>
<!-- Generated by org.testng.reporters.JUnitXMLReporter -->
<testsuite hostname="LAPTOP-JOPOHLMU" ignored="1" name="RegressionTests" tests="4" failures="0" timestamp="23 Jul 2020 12:45:14 GMT" time="229.784" errors="0">
  <testcase name="@BeforeMethod initialSetup" time="0.0" classname="com.ebay.automation.base.TestBase">
    <failure type="java.lang.AssertionError" message="Exception from TestBase.initialSetup">
      <![CDATA[java.lang.AssertionError: Exception from TestBase.initialSetup
	at com.ebay.automation.base.TestBase.initialSetup(TestBase.java:32)
	at java.util.concurrent.FutureTask.run(FutureTask.java:266)
	at java.util.concurrent.ThreadPoolExecutor.runWorker(ThreadPoolExecutor.java:1149)
	at java.util.concurrent.ThreadPoolExecutor$Worker.run(ThreadPoolExecutor.java:624)
	at java.lang.Thread.run(Thread.java:748)
Caused by: java.lang.Exception: Exception from WebDriverFactory.CreateDriver: [Ljava.lang.StackTraceElement;@1c4e3c2
	at com.ebay.automation.utils.WebDriverFactory.createDriver(WebDriverFactory.java:88)
	at com.ebay.automation.base.TestBase.initialSetup(TestBase.java:28)
	... 22 more
... Removed 19 stack frames]]>
    </failure>
  </testcase> <!-- @BeforeMethod initialSetup -->
  <testcase name="@AfterMethod afterClass" time="0.0" classname="com.ebay.automation.base.TestBase">
    <failure type="java.lang.AssertionError" message="Exception from TestBase.afterClass">
      <![CDATA[java.lang.AssertionError: Exception from TestBase.afterClass
	at com.ebay.automation.base.TestBase.afterClass(TestBase.java:46)
	at java.util.concurrent.FutureTask.run(FutureTask.java:266)
	at java.util.concurrent.ThreadPoolExecutor.runWorker(ThreadPoolExecutor.java:1149)
	at java.util.concurrent.ThreadPoolExecutor$Worker.run(ThreadPoolExecutor.java:624)
	at java.lang.Thread.run(Thread.java:748)
Caused by: java.lang.NullPointerException
	at com.ebay.automation.base.TestBase.afterClass(TestBase.java:42)
	... 22 more
... Removed 19 stack frames]]>
    </failure>
  </testcase> <!-- @AfterMethod afterClass -->
  <testcase name="login" time="0.368" classname="com.ebay.automation.pagetests.LoginPageTest">
    <skipped/>
  </testcase> <!-- login -->
  <testcase name="searchForProduct" time="0.002" classname="com.ebay.automation.pagetests.LoginPageTest">
    <skipped/>
  </testcase> <!-- searchForProduct -->
  <testcase name="signUp" time="0.003" classname="com.ebay.automation.pagetests.LoginPageTest">
    <skipped/>
  </testcase> <!-- signUp -->
  <testcase name="openPurchaseHistory" time="0.001" classname="com.ebay.automation.pagetests.HomePageTest">
    <skipped/>
  </testcase> <!-- openPurchaseHistory -->
  <testcase name="assertLoginPageTitle" time="0.0" classname="com.ebay.automation.pagetests.LoginPageTest">
    <ignored/>
  </testcase> <!-- assertLoginPageTitle -->
</testsuite> <!-- RegressionTests -->
