<?xml version="1.0" encoding="UTF-8"?>
<!-- Generated by org.testng.reporters.JUnitXMLReporter -->
<testsuite hostname="LAPTOP-JOPOHLMU" ignored="1" name="RegressionTests" tests="4" failures="4" timestamp="24 Jul 2020 08:33:21 GMT" time="202.368" errors="0">
  <testcase name="login" time="47.846" classname="com.ebay.automation.pagetests.LoginPageTest">
    <failure type="java.lang.AssertionError" message="Exception from LoginPageTest.login: caused by -&amp;gt; null, message -&amp;gt; Exception occured in HomePage.verifyLoggedInUser: cause -&amp;gt; null, message -&amp;gt; Unable to locate element: //*[@id=&amp;quot;gh-ug&amp;quot;]/b[1]
For documentation on this error, please visit: https://www.seleniumhq.org/exceptions/no_such_element.html
Build info: version: &amp;apos;3.141.59&amp;apos;, revision: &amp;apos;e82be7d358&amp;apos;, time: &amp;apos;2018-11-14T08:17:03&amp;apos;
System info: host: &amp;apos;LAPTOP-JOPOHLMU&amp;apos;, ip: &amp;apos;192.168.43.175&amp;apos;, os.name: &amp;apos;Windows 10&amp;apos;, os.arch: &amp;apos;amd64&amp;apos;, os.version: &amp;apos;10.0&amp;apos;, java.version: &amp;apos;1.8.0_221&amp;apos;
Driver info: org.openqa.selenium.remote.RemoteWebDriver
Capabilities {acceptInsecureCerts: true, browserName: firefox, browserVersion: 78.0.2, javascriptEnabled: true, moz:accessibilityChecks: false, moz:buildID: 20200708170202, moz:geckodriverVersion: 0.24.0, moz:headless: false, moz:processID: 13204, moz:profile: C:\Users\aparn\AppData\Loca..., moz:shutdownTimeout: 60000, moz:useNonSpecCompliantPointerOrigin: false, moz:webdriverClick: true, pageLoadStrategy: normal, platform: WINDOWS, platformName: WINDOWS, platformVersion: 10.0, rotatable: false, setWindowRect: true, strictFileInteractability: false, timeouts: {implicit: 0, pageLoad: 300000, script: 30000}, unhandledPromptBehavior: dismiss and notify, webdriver.remote.sessionid: 8a092713-f03e-4914-b6e6-dc6...}
Session ID: 8a092713-f03e-4914-b6e6-dc68784e841d
*** Element info: {Using=xpath, value=//*[@id=&amp;quot;gh-ug&amp;quot;]/b[1]}">
      <![CDATA[java.lang.AssertionError: Exception from LoginPageTest.login: caused by -> null, message -> Exception occured in HomePage.verifyLoggedInUser: cause -> null, message -> Unable to locate element: //*[@id="gh-ug"]/b[1]
For documentation on this error, please visit: https://www.seleniumhq.org/exceptions/no_such_element.html
Build info: version: '3.141.59', revision: 'e82be7d358', time: '2018-11-14T08:17:03'
System info: host: 'LAPTOP-JOPOHLMU', ip: '192.168.43.175', os.name: 'Windows 10', os.arch: 'amd64', os.version: '10.0', java.version: '1.8.0_221'
Driver info: org.openqa.selenium.remote.RemoteWebDriver
Capabilities {acceptInsecureCerts: true, browserName: firefox, browserVersion: 78.0.2, javascriptEnabled: true, moz:accessibilityChecks: false, moz:buildID: 20200708170202, moz:geckodriverVersion: 0.24.0, moz:headless: false, moz:processID: 13204, moz:profile: C:\Users\aparn\AppData\Loca..., moz:shutdownTimeout: 60000, moz:useNonSpecCompliantPointerOrigin: false, moz:webdriverClick: true, pageLoadStrategy: normal, platform: WINDOWS, platformName: WINDOWS, platformVersion: 10.0, rotatable: false, setWindowRect: true, strictFileInteractability: false, timeouts: {implicit: 0, pageLoad: 300000, script: 30000}, unhandledPromptBehavior: dismiss and notify, webdriver.remote.sessionid: 8a092713-f03e-4914-b6e6-dc6...}
Session ID: 8a092713-f03e-4914-b6e6-dc68784e841d
*** Element info: {Using=xpath, value=//*[@id="gh-ug"]/b[1]}
	at com.ebay.automation.pagetests.LoginPageTest.login(LoginPageTest.java:108)
	at java.util.concurrent.FutureTask.run(FutureTask.java:266)
	at java.util.concurrent.ThreadPoolExecutor.runWorker(ThreadPoolExecutor.java:1149)
	at java.util.concurrent.ThreadPoolExecutor$Worker.run(ThreadPoolExecutor.java:624)
	at java.lang.Thread.run(Thread.java:748)
Caused by: java.lang.Exception: Exception occured in HomePage.verifyLoggedInUser: cause -> null, message -> Unable to locate element: //*[@id="gh-ug"]/b[1]
For documentation on this error, please visit: https://www.seleniumhq.org/exceptions/no_such_element.html
Build info: version: '3.141.59', revision: 'e82be7d358', time: '2018-11-14T08:17:03'
System info: host: 'LAPTOP-JOPOHLMU', ip: '192.168.43.175', os.name: 'Windows 10', os.arch: 'amd64', os.version: '10.0', java.version: '1.8.0_221'
Driver info: org.openqa.selenium.remote.RemoteWebDriver
Capabilities {acceptInsecureCerts: true, browserName: firefox, browserVersion: 78.0.2, javascriptEnabled: true, moz:accessibilityChecks: false, moz:buildID: 20200708170202, moz:geckodriverVersion: 0.24.0, moz:headless: false, moz:processID: 13204, moz:profile: C:\Users\aparn\AppData\Loca..., moz:shutdownTimeout: 60000, moz:useNonSpecCompliantPointerOrigin: false, moz:webdriverClick: true, pageLoadStrategy: normal, platform: WINDOWS, platformName: WINDOWS, platformVersion: 10.0, rotatable: false, setWindowRect: true, strictFileInteractability: false, timeouts: {implicit: 0, pageLoad: 300000, script: 30000}, unhandledPromptBehavior: dismiss and notify, webdriver.remote.sessionid: 8a092713-f03e-4914-b6e6-dc6...}
Session ID: 8a092713-f03e-4914-b6e6-dc68784e841d
*** Element info: {Using=xpath, value=//*[@id="gh-ug"]/b[1]}
	at com.ebay.automation.pages.HomePage.verifyLoggedInUser(HomePage.java:36)
	at com.ebay.automation.pagetests.LoginPageTest.login(LoginPageTest.java:105)
	... 20 more
... Removed 17 stack frames]]>
    </failure>
  </testcase> <!-- login -->
  <testcase name="searchForProduct" time="10.985" classname="com.ebay.automation.pagetests.LoginPageTest">
    <failure type="java.lang.AssertionError" message="Search results count not as expected expected [true] but found [false]">
      <![CDATA[java.lang.AssertionError: Search results count not as expected expected [true] but found [false]
	at com.ebay.automation.pagetests.LoginPageTest.searchForProduct(LoginPageTest.java:65)
	at java.util.concurrent.FutureTask.run(FutureTask.java:266)
	at java.util.concurrent.ThreadPoolExecutor.runWorker(ThreadPoolExecutor.java:1149)
	at java.util.concurrent.ThreadPoolExecutor$Worker.run(ThreadPoolExecutor.java:624)
	at java.lang.Thread.run(Thread.java:748)
... Removed 19 stack frames]]>
    </failure>
  </testcase> <!-- searchForProduct -->
  <testcase name="signUp" time="42.007" classname="com.ebay.automation.pagetests.LoginPageTest">
    <failure type="java.lang.AssertionError" message="Exception from LoginPageTest.signUp: caused by -&amp;gt; null, message -&amp;gt; Exception occured in HomePage.verifyLoggedInUser: cause -&amp;gt; null, message -&amp;gt; Unable to locate element: //*[@id=&amp;quot;gh-ug&amp;quot;]/b[1]
For documentation on this error, please visit: https://www.seleniumhq.org/exceptions/no_such_element.html
Build info: version: &amp;apos;3.141.59&amp;apos;, revision: &amp;apos;e82be7d358&amp;apos;, time: &amp;apos;2018-11-14T08:17:03&amp;apos;
System info: host: &amp;apos;LAPTOP-JOPOHLMU&amp;apos;, ip: &amp;apos;192.168.43.175&amp;apos;, os.name: &amp;apos;Windows 10&amp;apos;, os.arch: &amp;apos;amd64&amp;apos;, os.version: &amp;apos;10.0&amp;apos;, java.version: &amp;apos;1.8.0_221&amp;apos;
Driver info: org.openqa.selenium.remote.RemoteWebDriver
Capabilities {acceptInsecureCerts: true, browserName: firefox, browserVersion: 78.0.2, javascriptEnabled: true, moz:accessibilityChecks: false, moz:buildID: 20200708170202, moz:geckodriverVersion: 0.24.0, moz:headless: false, moz:processID: 5600, moz:profile: C:\Users\aparn\AppData\Loca..., moz:shutdownTimeout: 60000, moz:useNonSpecCompliantPointerOrigin: false, moz:webdriverClick: true, pageLoadStrategy: normal, platform: WINDOWS, platformName: WINDOWS, platformVersion: 10.0, rotatable: false, setWindowRect: true, strictFileInteractability: false, timeouts: {implicit: 0, pageLoad: 300000, script: 30000}, unhandledPromptBehavior: dismiss and notify, webdriver.remote.sessionid: 75dbd7ce-2b61-43f2-833a-864...}
Session ID: 75dbd7ce-2b61-43f2-833a-864264e7628c
*** Element info: {Using=xpath, value=//*[@id=&amp;quot;gh-ug&amp;quot;]/b[1]}">
      <![CDATA[java.lang.AssertionError: Exception from LoginPageTest.signUp: caused by -> null, message -> Exception occured in HomePage.verifyLoggedInUser: cause -> null, message -> Unable to locate element: //*[@id="gh-ug"]/b[1]
For documentation on this error, please visit: https://www.seleniumhq.org/exceptions/no_such_element.html
Build info: version: '3.141.59', revision: 'e82be7d358', time: '2018-11-14T08:17:03'
System info: host: 'LAPTOP-JOPOHLMU', ip: '192.168.43.175', os.name: 'Windows 10', os.arch: 'amd64', os.version: '10.0', java.version: '1.8.0_221'
Driver info: org.openqa.selenium.remote.RemoteWebDriver
Capabilities {acceptInsecureCerts: true, browserName: firefox, browserVersion: 78.0.2, javascriptEnabled: true, moz:accessibilityChecks: false, moz:buildID: 20200708170202, moz:geckodriverVersion: 0.24.0, moz:headless: false, moz:processID: 5600, moz:profile: C:\Users\aparn\AppData\Loca..., moz:shutdownTimeout: 60000, moz:useNonSpecCompliantPointerOrigin: false, moz:webdriverClick: true, pageLoadStrategy: normal, platform: WINDOWS, platformName: WINDOWS, platformVersion: 10.0, rotatable: false, setWindowRect: true, strictFileInteractability: false, timeouts: {implicit: 0, pageLoad: 300000, script: 30000}, unhandledPromptBehavior: dismiss and notify, webdriver.remote.sessionid: 75dbd7ce-2b61-43f2-833a-864...}
Session ID: 75dbd7ce-2b61-43f2-833a-864264e7628c
*** Element info: {Using=xpath, value=//*[@id="gh-ug"]/b[1]}
	at com.ebay.automation.pagetests.LoginPageTest.signUp(LoginPageTest.java:89)
	at java.util.concurrent.FutureTask.run(FutureTask.java:266)
	at java.util.concurrent.ThreadPoolExecutor.runWorker(ThreadPoolExecutor.java:1149)
	at java.util.concurrent.ThreadPoolExecutor$Worker.run(ThreadPoolExecutor.java:624)
	at java.lang.Thread.run(Thread.java:748)
Caused by: java.lang.Exception: Exception occured in HomePage.verifyLoggedInUser: cause -> null, message -> Unable to locate element: //*[@id="gh-ug"]/b[1]
For documentation on this error, please visit: https://www.seleniumhq.org/exceptions/no_such_element.html
Build info: version: '3.141.59', revision: 'e82be7d358', time: '2018-11-14T08:17:03'
System info: host: 'LAPTOP-JOPOHLMU', ip: '192.168.43.175', os.name: 'Windows 10', os.arch: 'amd64', os.version: '10.0', java.version: '1.8.0_221'
Driver info: org.openqa.selenium.remote.RemoteWebDriver
Capabilities {acceptInsecureCerts: true, browserName: firefox, browserVersion: 78.0.2, javascriptEnabled: true, moz:accessibilityChecks: false, moz:buildID: 20200708170202, moz:geckodriverVersion: 0.24.0, moz:headless: false, moz:processID: 5600, moz:profile: C:\Users\aparn\AppData\Loca..., moz:shutdownTimeout: 60000, moz:useNonSpecCompliantPointerOrigin: false, moz:webdriverClick: true, pageLoadStrategy: normal, platform: WINDOWS, platformName: WINDOWS, platformVersion: 10.0, rotatable: false, setWindowRect: true, strictFileInteractability: false, timeouts: {implicit: 0, pageLoad: 300000, script: 30000}, unhandledPromptBehavior: dismiss and notify, webdriver.remote.sessionid: 75dbd7ce-2b61-43f2-833a-864...}
Session ID: 75dbd7ce-2b61-43f2-833a-864264e7628c
*** Element info: {Using=xpath, value=//*[@id="gh-ug"]/b[1]}
	at com.ebay.automation.pages.HomePage.verifyLoggedInUser(HomePage.java:36)
	at com.ebay.automation.pagetests.LoginPageTest.signUp(LoginPageTest.java:86)
	... 20 more
... Removed 17 stack frames]]>
    </failure>
  </testcase> <!-- signUp -->
  <testcase name="openPurchaseHistory" time="28.847" classname="com.ebay.automation.pagetests.HomePageTest">
    <failure type="java.lang.AssertionError" message="Exception from HomePageTest.openPurchaseHistory: caused by -&amp;gt; null, message -&amp;gt; Exception occured in LoginPage.login: cause -&amp;gt; org.openqa.selenium.NoSuchElementException: Unable to locate element: #userid
For documentation on this error, please visit: https://www.seleniumhq.org/exceptions/no_such_element.html
Build info: version: &amp;apos;3.141.59&amp;apos;, revision: &amp;apos;e82be7d358&amp;apos;, time: &amp;apos;2018-11-14T08:17:03&amp;apos;
System info: host: &amp;apos;LAPTOP-JOPOHLMU&amp;apos;, ip: &amp;apos;192.168.43.175&amp;apos;, os.name: &amp;apos;Windows 10&amp;apos;, os.arch: &amp;apos;amd64&amp;apos;, os.version: &amp;apos;10.0&amp;apos;, java.version: &amp;apos;1.8.0_221&amp;apos;
Driver info: org.openqa.selenium.remote.RemoteWebDriver
Capabilities {acceptInsecureCerts: true, browserName: firefox, browserVersion: 78.0.2, javascriptEnabled: true, moz:accessibilityChecks: false, moz:buildID: 20200708170202, moz:geckodriverVersion: 0.24.0, moz:headless: false, moz:processID: 11232, moz:profile: C:\Users\aparn\AppData\Loca..., moz:shutdownTimeout: 60000, moz:useNonSpecCompliantPointerOrigin: false, moz:webdriverClick: true, pageLoadStrategy: normal, platform: WINDOWS, platformName: WINDOWS, platformVersion: 10.0, rotatable: false, setWindowRect: true, strictFileInteractability: false, timeouts: {implicit: 0, pageLoad: 300000, script: 30000}, unhandledPromptBehavior: dismiss and notify, webdriver.remote.sessionid: b13b51c8-38bc-4f85-bf65-430...}
Session ID: b13b51c8-38bc-4f85-bf65-43084edffab3
*** Element info: {Using=id, value=userid}, message -&amp;gt; Expected condition failed: waiting for visibility of Proxy element for: DefaultElementLocator &amp;apos;By.id: userid&amp;apos; (tried for 20 second(s) with 500 milliseconds interval)">
      <![CDATA[java.lang.AssertionError: Exception from HomePageTest.openPurchaseHistory: caused by -> null, message -> Exception occured in LoginPage.login: cause -> org.openqa.selenium.NoSuchElementException: Unable to locate element: #userid
For documentation on this error, please visit: https://www.seleniumhq.org/exceptions/no_such_element.html
Build info: version: '3.141.59', revision: 'e82be7d358', time: '2018-11-14T08:17:03'
System info: host: 'LAPTOP-JOPOHLMU', ip: '192.168.43.175', os.name: 'Windows 10', os.arch: 'amd64', os.version: '10.0', java.version: '1.8.0_221'
Driver info: org.openqa.selenium.remote.RemoteWebDriver
Capabilities {acceptInsecureCerts: true, browserName: firefox, browserVersion: 78.0.2, javascriptEnabled: true, moz:accessibilityChecks: false, moz:buildID: 20200708170202, moz:geckodriverVersion: 0.24.0, moz:headless: false, moz:processID: 11232, moz:profile: C:\Users\aparn\AppData\Loca..., moz:shutdownTimeout: 60000, moz:useNonSpecCompliantPointerOrigin: false, moz:webdriverClick: true, pageLoadStrategy: normal, platform: WINDOWS, platformName: WINDOWS, platformVersion: 10.0, rotatable: false, setWindowRect: true, strictFileInteractability: false, timeouts: {implicit: 0, pageLoad: 300000, script: 30000}, unhandledPromptBehavior: dismiss and notify, webdriver.remote.sessionid: b13b51c8-38bc-4f85-bf65-430...}
Session ID: b13b51c8-38bc-4f85-bf65-43084edffab3
*** Element info: {Using=id, value=userid}, message -> Expected condition failed: waiting for visibility of Proxy element for: DefaultElementLocator 'By.id: userid' (tried for 20 second(s) with 500 milliseconds interval)
	at com.ebay.automation.pagetests.HomePageTest.openPurchaseHistory(HomePageTest.java:49)
	at java.util.concurrent.FutureTask.run(FutureTask.java:266)
	at java.util.concurrent.ThreadPoolExecutor.runWorker(ThreadPoolExecutor.java:1149)
	at java.util.concurrent.ThreadPoolExecutor$Worker.run(ThreadPoolExecutor.java:624)
	at java.lang.Thread.run(Thread.java:748)
Caused by: java.lang.Exception: Exception occured in LoginPage.login: cause -> org.openqa.selenium.NoSuchElementException: Unable to locate element: #userid
For documentation on this error, please visit: https://www.seleniumhq.org/exceptions/no_such_element.html
Build info: version: '3.141.59', revision: 'e82be7d358', time: '2018-11-14T08:17:03'
System info: host: 'LAPTOP-JOPOHLMU', ip: '192.168.43.175', os.name: 'Windows 10', os.arch: 'amd64', os.version: '10.0', java.version: '1.8.0_221'
Driver info: org.openqa.selenium.remote.RemoteWebDriver
Capabilities {acceptInsecureCerts: true, browserName: firefox, browserVersion: 78.0.2, javascriptEnabled: true, moz:accessibilityChecks: false, moz:buildID: 20200708170202, moz:geckodriverVersion: 0.24.0, moz:headless: false, moz:processID: 11232, moz:profile: C:\Users\aparn\AppData\Loca..., moz:shutdownTimeout: 60000, moz:useNonSpecCompliantPointerOrigin: false, moz:webdriverClick: true, pageLoadStrategy: normal, platform: WINDOWS, platformName: WINDOWS, platformVersion: 10.0, rotatable: false, setWindowRect: true, strictFileInteractability: false, timeouts: {implicit: 0, pageLoad: 300000, script: 30000}, unhandledPromptBehavior: dismiss and notify, webdriver.remote.sessionid: b13b51c8-38bc-4f85-bf65-430...}
Session ID: b13b51c8-38bc-4f85-bf65-43084edffab3
*** Element info: {Using=id, value=userid}, message -> Expected condition failed: waiting for visibility of Proxy element for: DefaultElementLocator 'By.id: userid' (tried for 20 second(s) with 500 milliseconds interval)
	at com.ebay.automation.pages.LoginPage.login(LoginPage.java:91)
	at com.ebay.automation.pagetests.HomePageTest.openPurchaseHistory(HomePageTest.java:45)
	... 20 more
... Removed 17 stack frames]]>
    </failure>
  </testcase> <!-- openPurchaseHistory -->
  <testcase name="assertLoginPageTitle" time="0.0" classname="com.ebay.automation.pagetests.LoginPageTest">
    <ignored/>
  </testcase> <!-- assertLoginPageTitle -->
</testsuite> <!-- RegressionTests -->
