<?xml version="1.0" encoding="UTF-8"?>
<!-- Generated by org.testng.reporters.JUnitXMLReporter -->
<testsuite hostname="LAPTOP-JOPOHLMU" ignored="4" name="SmokeTests" tests="1" failures="0" timestamp="23 Jul 2020 18:27:42 GMT" time="192.445" errors="0">
  <testcase name="assertLoginPageTitle" time="16.32" classname="com.ebay.automation.pagetests.LoginPageTest"/>
  <testcase name="login" time="0.0" classname="com.ebay.automation.pagetests.LoginPageTest">
    <ignored/>
  </testcase> <!-- login -->
  <testcase name="searchForProduct" time="0.0" classname="com.ebay.automation.pagetests.LoginPageTest">
    <ignored/>
  </testcase> <!-- searchForProduct -->
  <testcase name="openPurchaseHistory" time="0.0" classname="com.ebay.automation.pagetests.HomePageTest">
    <ignored/>
  </testcase> <!-- openPurchaseHistory -->
  <testcase name="signUp" time="0.0" classname="com.ebay.automation.pagetests.LoginPageTest">
    <ignored/>
  </testcase> <!-- signUp -->
</testsuite> <!-- SmokeTests -->
